[debug] [2021-03-02T15:09:31.469Z] ----------------------------------------------------------------------
[debug] [2021-03-02T15:09:31.473Z] Command:       C:\Program Files\nodejs\node.exe C:\Users\foxfl\AppData\Roaming\npm\node_modules\firebase-tools\lib\bin\firebase.js emulators:start --only functions
[debug] [2021-03-02T15:09:31.473Z] CLI Version:   9.5.0
[debug] [2021-03-02T15:09:31.473Z] Platform:      win32
[debug] [2021-03-02T15:09:31.474Z] Node Version:  v12.15.0
[debug] [2021-03-02T15:09:31.475Z] Time:          Tue Mar 02 2021 10:09:31 GMT-0500 (Eastern Standard Time)
[debug] [2021-03-02T15:09:31.476Z] ----------------------------------------------------------------------
[debug] [2021-03-02T15:09:31.476Z] 
[debug] [2021-03-02T15:09:31.494Z] > command requires scopes: ["email","openid","https://www.googleapis.com/auth/cloudplatformprojects.readonly","https://www.googleapis.com/auth/firebase","https://www.googleapis.com/auth/cloud-platform"]
[debug] [2021-03-02T15:09:31.495Z] > authorizing via signed-in user
[info] i  emulators: Starting emulators: functions {"metadata":{"emulator":{"name":"hub"},"message":"Starting emulators: functions"}}
[debug] [2021-03-02T15:09:33.543Z] [hub] writing locator at C:\Users\foxfl\AppData\Local\Temp\hub-phantom-database-ee13a.json
[warn] !  functions: The following emulators are not running, calls to these services from the Functions emulator will affect production: auth, firestore, database, hosting, pubsub {"metadata":{"emulator":{"name":"functions"},"message":"The following emulators are not running, calls to these services from the Functions emulator will affect production: \u001b[1mauth, firestore, database, hosting, pubsub\u001b[22m"}}
[info] +  functions: Using node@12 from host. {"metadata":{"emulator":{"name":"functions"},"message":"Using node@12 from host."}}
[debug] [2021-03-02T15:09:35.596Z] defaultcredentials: writing to file C:\Users\foxfl\AppData\Roaming\firebase\foxflyer40_gmail_com_application_default_credentials.json
[debug] [2021-03-02T15:09:35.602Z] Setting GAC to C:\Users\foxfl\AppData\Roaming\firebase\foxflyer40_gmail_com_application_default_credentials.json {"metadata":{"emulator":{"name":"functions"},"message":"Setting GAC to C:\\Users\\foxfl\\AppData\\Roaming\\firebase\\foxflyer40_gmail_com_application_default_credentials.json"}}
[debug] [2021-03-02T15:09:35.606Z] > refreshing access token with scopes: []
[debug] [2021-03-02T15:09:35.607Z] >>> HTTP REQUEST POST https://www.googleapis.com/oauth2/v3/token  
 <request body omitted>
[debug] [2021-03-02T15:09:35.778Z] <<< HTTP RESPONSE 200 {"cache-control":"no-cache, no-store, max-age=0, must-revalidate","date":"Tue, 02 Mar 2021 15:09:35 GMT","expires":"Mon, 01 Jan 1990 00:00:00 GMT","pragma":"no-cache","content-type":"application/json; charset=utf-8","vary":"X-Origin, Referer, Origin,Accept-Encoding","server":"scaffolding on HTTPServer2","x-xss-protection":"0","x-frame-options":"SAMEORIGIN","x-content-type-options":"nosniff","alt-svc":"h3-29=\":443\"; ma=2592000,h3-T051=\":443\"; ma=2592000,h3-Q050=\":443\"; ma=2592000,h3-Q046=\":443\"; ma=2592000,h3-Q043=\":443\"; ma=2592000,quic=\":443\"; ma=2592000; v=\"46,43\"","accept-ranges":"none","transfer-encoding":"chunked"}
[debug] [2021-03-02T15:09:35.788Z] >>> [apiv2][query] GET https://firebase.googleapis.com/v1beta1/projects/phantom-database-ee13a/adminSdkConfig [none]
[debug] [2021-03-02T15:09:36.105Z] <<< [apiv2][status] GET https://firebase.googleapis.com/v1beta1/projects/phantom-database-ee13a/adminSdkConfig 200
[debug] [2021-03-02T15:09:36.105Z] <<< [apiv2][body] GET https://firebase.googleapis.com/v1beta1/projects/phantom-database-ee13a/adminSdkConfig {"projectId":"phantom-database-ee13a","databaseURL":"https://phantom-database-ee13a.firebaseio.com","storageBucket":"phantom-database-ee13a.appspot.com","locationId":"northamerica-northeast1"}
[info] i  ui: downloading ui-v1.4.2.zip... {"metadata":{"emulator":{"name":"ui"},"message":"downloading ui-v1.4.2.zip..."}}
[debug] [2021-03-02T15:09:40.158Z] >>> [apiv2][query] GET https://storage.googleapis.com/firebase-preview-drop/emulator/ui-v1.4.2.zip [none]
[debug] [2021-03-02T15:09:40.268Z] <<< [apiv2][status] GET https://storage.googleapis.com/firebase-preview-drop/emulator/ui-v1.4.2.zip 200
[debug] [2021-03-02T15:09:40.268Z] <<< [apiv2][body] GET https://storage.googleapis.com/firebase-preview-drop/emulator/ui-v1.4.2.zip [stream]
[debug] [2021-03-02T15:09:42.283Z] Ignoring unsupported arg: auto_download {"metadata":{"emulator":{"name":"ui"},"message":"Ignoring unsupported arg: auto_download"}}
[debug] [2021-03-02T15:09:42.284Z] Ignoring unsupported arg: port {"metadata":{"emulator":{"name":"ui"},"message":"Ignoring unsupported arg: port"}}
[debug] [2021-03-02T15:09:42.284Z] Starting Emulator UI with command {"binary":"node","args":["C:\\Users\\foxfl\\.cache\\firebase\\emulators\\ui-v1.4.2\\server.bundle.js"],"optionalArgs":[],"joinArgs":false} {"metadata":{"emulator":{"name":"ui"},"message":"Starting Emulator UI with command {\"binary\":\"node\",\"args\":[\"C:\\\\Users\\\\foxfl\\\\.cache\\\\firebase\\\\emulators\\\\ui-v1.4.2\\\\server.bundle.js\"],\"optionalArgs\":[],\"joinArgs\":false}"}}
[info] i  ui: Emulator UI logging to ui-debug.log {"metadata":{"emulator":{"name":"ui"},"message":"Emulator UI logging to \u001b[1mui-debug.log\u001b[22m"}}
[debug] [2021-03-02T15:09:42.572Z] Web / API server started at http://localhost:4000
 {"metadata":{"emulator":{"name":"ui"},"message":"Web / API server started at http://localhost:4000\n"}}
[info] i  functions: Watching "C:\Users\foxfl\ProCode\phantom\Phantom-Theater\functions" for Cloud Functions... {"metadata":{"emulator":{"name":"functions"},"message":"Watching \"C:\\Users\\foxfl\\ProCode\\phantom\\Phantom-Theater\\functions\" for Cloud Functions..."}}
[debug] [2021-03-02T15:09:42.822Z] [worker-pool] addWorker(~diagnostic~) {"metadata":{"emulator":{"name":"functions"},"message":"[worker-pool] addWorker(~diagnostic~)"}}
[debug] [2021-03-02T15:09:42.822Z] [worker-pool] Adding worker with key ~diagnostic~, total=1 {"metadata":{"emulator":{"name":"functions"},"message":"[worker-pool] Adding worker with key ~diagnostic~, total=1"}}
[debug] [2021-03-02T15:09:42.822Z] [worker-pool] submitWork(triggerId=) {"metadata":{"emulator":{"name":"functions"},"message":"[worker-pool] submitWork(triggerId=)"}}
[debug] [2021-03-02T15:09:42.823Z] [worker-~diagnostic~-1f706ed5-8282-4a3a-b8d0-04823f857f3d]: Assigning socketPath: \\?\pipe\C:\Users\foxfl\ProCode\phantom\Phantom-Theater\functions\12856 {"metadata":{"emulator":{"name":"functions"},"message":"[worker-~diagnostic~-1f706ed5-8282-4a3a-b8d0-04823f857f3d]: Assigning socketPath: \\\\?\\pipe\\C:\\Users\\foxfl\\ProCode\\phantom\\Phantom-Theater\\functions\\12856"}}
[debug] [2021-03-02T15:09:42.823Z] [worker-~diagnostic~-1f706ed5-8282-4a3a-b8d0-04823f857f3d]: BUSY {"metadata":{"emulator":{"name":"functions"},"message":"[worker-~diagnostic~-1f706ed5-8282-4a3a-b8d0-04823f857f3d]: BUSY"}}
[debug] [2021-03-02T15:09:43.279Z] [runtime-status] [12856] Functions runtime initialized. {"cwd":"C:\\Users\\foxfl\\ProCode\\phantom\\Phantom-Theater\\functions","node_version":"12.15.0"} {"metadata":{"emulator":{"name":"functions"},"message":"[runtime-status] [12856] Functions runtime initialized. {\"cwd\":\"C:\\\\Users\\\\foxfl\\\\ProCode\\\\phantom\\\\Phantom-Theater\\\\functions\",\"node_version\":\"12.15.0\"}"}}
[debug] [2021-03-02T15:09:43.284Z] [runtime-status] [12856] Disabled runtime features: undefined {"metadata":{"emulator":{"name":"functions"},"message":"[runtime-status] [12856] Disabled runtime features: undefined"}}
[debug] [2021-03-02T15:09:43.287Z] [runtime-status] [12856] Resolved module firebase-admin {"declared":true,"installed":true,"version":"9.5.0","resolution":"C:\\Users\\foxfl\\ProCode\\phantom\\Phantom-Theater\\functions\\node_modules\\firebase-admin\\lib\\index.js"} {"metadata":{"emulator":{"name":"functions"},"message":"[runtime-status] [12856] Resolved module firebase-admin {\"declared\":true,\"installed\":true,\"version\":\"9.5.0\",\"resolution\":\"C:\\\\Users\\\\foxfl\\\\ProCode\\\\phantom\\\\Phantom-Theater\\\\functions\\\\node_modules\\\\firebase-admin\\\\lib\\\\index.js\"}"}}
[debug] [2021-03-02T15:09:43.292Z] [runtime-status] [12856] Resolved module firebase-functions {"declared":true,"installed":true,"version":"3.13.2","resolution":"C:\\Users\\foxfl\\ProCode\\phantom\\Phantom-Theater\\functions\\node_modules\\firebase-functions\\lib\\index.js"} {"metadata":{"emulator":{"name":"functions"},"message":"[runtime-status] [12856] Resolved module firebase-functions {\"declared\":true,\"installed\":true,\"version\":\"3.13.2\",\"resolution\":\"C:\\\\Users\\\\foxfl\\\\ProCode\\\\phantom\\\\Phantom-Theater\\\\functions\\\\node_modules\\\\firebase-functions\\\\lib\\\\index.js\"}"}}
[debug] [2021-03-02T15:09:43.293Z] [runtime-status] [12856] Resolved module firebase-functions {"declared":true,"installed":true,"version":"3.13.2","resolution":"C:\\Users\\foxfl\\ProCode\\phantom\\Phantom-Theater\\functions\\node_modules\\firebase-functions\\lib\\index.js"} {"metadata":{"emulator":{"name":"functions"},"message":"[runtime-status] [12856] Resolved module firebase-functions {\"declared\":true,\"installed\":true,\"version\":\"3.13.2\",\"resolution\":\"C:\\\\Users\\\\foxfl\\\\ProCode\\\\phantom\\\\Phantom-Theater\\\\functions\\\\node_modules\\\\firebase-functions\\\\lib\\\\index.js\"}"}}
[debug] [2021-03-02T15:09:43.296Z] [runtime-status] [12856] Outgoing network have been stubbed. [{"name":"http","status":"mocked"},{"name":"http","status":"mocked"},{"name":"https","status":"mocked"},{"name":"https","status":"mocked"},{"name":"net","status":"mocked"}] {"metadata":{"emulator":{"name":"functions"},"message":"[runtime-status] [12856] Outgoing network have been stubbed. [{\"name\":\"http\",\"status\":\"mocked\"},{\"name\":\"http\",\"status\":\"mocked\"},{\"name\":\"https\",\"status\":\"mocked\"},{\"name\":\"https\",\"status\":\"mocked\"},{\"name\":\"net\",\"status\":\"mocked\"}]"}}
[debug] [2021-03-02T15:09:43.297Z] [runtime-status] [12856] Resolved module firebase-functions {"declared":true,"installed":true,"version":"3.13.2","resolution":"C:\\Users\\foxfl\\ProCode\\phantom\\Phantom-Theater\\functions\\node_modules\\firebase-functions\\lib\\index.js"} {"metadata":{"emulator":{"name":"functions"},"message":"[runtime-status] [12856] Resolved module firebase-functions {\"declared\":true,\"installed\":true,\"version\":\"3.13.2\",\"resolution\":\"C:\\\\Users\\\\foxfl\\\\ProCode\\\\phantom\\\\Phantom-Theater\\\\functions\\\\node_modules\\\\firebase-functions\\\\lib\\\\index.js\"}"}}
[debug] [2021-03-02T15:09:43.440Z] [runtime-status] [12856] Checked functions.config() {"config":{}} {"metadata":{"emulator":{"name":"functions"},"message":"[runtime-status] [12856] Checked functions.config() {\"config\":{}}"}}
[debug] [2021-03-02T15:09:43.440Z] [runtime-status] [12856] firebase-functions has been stubbed. {"functionsResolution":{"declared":true,"installed":true,"version":"3.13.2","resolution":"C:\\Users\\foxfl\\ProCode\\phantom\\Phantom-Theater\\functions\\node_modules\\firebase-functions\\lib\\index.js"}} {"metadata":{"emulator":{"name":"functions"},"message":"[runtime-status] [12856] firebase-functions has been stubbed. {\"functionsResolution\":{\"declared\":true,\"installed\":true,\"version\":\"3.13.2\",\"resolution\":\"C:\\\\Users\\\\foxfl\\\\ProCode\\\\phantom\\\\Phantom-Theater\\\\functions\\\\node_modules\\\\firebase-functions\\\\lib\\\\index.js\"}}"}}
[debug] [2021-03-02T15:09:43.441Z] [runtime-status] [12856] Resolved module firebase-functions {"declared":true,"installed":true,"version":"3.13.2","resolution":"C:\\Users\\foxfl\\ProCode\\phantom\\Phantom-Theater\\functions\\node_modules\\firebase-functions\\lib\\index.js"} {"metadata":{"emulator":{"name":"functions"},"message":"[runtime-status] [12856] Resolved module firebase-functions {\"declared\":true,\"installed\":true,\"version\":\"3.13.2\",\"resolution\":\"C:\\\\Users\\\\foxfl\\\\ProCode\\\\phantom\\\\Phantom-Theater\\\\functions\\\\node_modules\\\\firebase-functions\\\\lib\\\\index.js\"}"}}
[debug] [2021-03-02T15:09:43.443Z] [runtime-status] [12856] Resolved module firebase-admin {"declared":true,"installed":true,"version":"9.5.0","resolution":"C:\\Users\\foxfl\\ProCode\\phantom\\Phantom-Theater\\functions\\node_modules\\firebase-admin\\lib\\index.js"} {"metadata":{"emulator":{"name":"functions"},"message":"[runtime-status] [12856] Resolved module firebase-admin {\"declared\":true,\"installed\":true,\"version\":\"9.5.0\",\"resolution\":\"C:\\\\Users\\\\foxfl\\\\ProCode\\\\phantom\\\\Phantom-Theater\\\\functions\\\\node_modules\\\\firebase-admin\\\\lib\\\\index.js\"}"}}
[debug] [2021-03-02T15:09:43.444Z] [runtime-status] [12856] Resolved module firebase-functions {"declared":true,"installed":true,"version":"3.13.2","resolution":"C:\\Users\\foxfl\\ProCode\\phantom\\Phantom-Theater\\functions\\node_modules\\firebase-functions\\lib\\index.js"} {"metadata":{"emulator":{"name":"functions"},"message":"[runtime-status] [12856] Resolved module firebase-functions {\"declared\":true,\"installed\":true,\"version\":\"3.13.2\",\"resolution\":\"C:\\\\Users\\\\foxfl\\\\ProCode\\\\phantom\\\\Phantom-Theater\\\\functions\\\\node_modules\\\\firebase-functions\\\\lib\\\\index.js\"}"}}
[debug] [2021-03-02T15:09:43.444Z] [runtime-status] [12856] firebase-admin has been stubbed. {"adminResolution":{"declared":true,"installed":true,"version":"9.5.0","resolution":"C:\\Users\\foxfl\\ProCode\\phantom\\Phantom-Theater\\functions\\node_modules\\firebase-admin\\lib\\index.js"}} {"metadata":{"emulator":{"name":"functions"},"message":"[runtime-status] [12856] firebase-admin has been stubbed. {\"adminResolution\":{\"declared\":true,\"installed\":true,\"version\":\"9.5.0\",\"resolution\":\"C:\\\\Users\\\\foxfl\\\\ProCode\\\\phantom\\\\Phantom-Theater\\\\functions\\\\node_modules\\\\firebase-admin\\\\lib\\\\index.js\"}}"}}
[info] +  functions[helloWorld]: http function initialized (http://localhost:5001/phantom-database-ee13a/us-central1/helloWorld). {"metadata":{"emulator":{"name":"functions"},"message":"\u001b[1mhttp\u001b[22m function initialized (http://localhost:5001/phantom-database-ee13a/us-central1/helloWorld)."}}
[info] 
┌─────────────────────────────────────────────────────────────┐
│ ✔  All emulators ready! It is now safe to connect your app. │
│ i  View Emulator UI at http://localhost:4000                │
└─────────────────────────────────────────────────────────────┘

┌───────────┬────────────────┬─────────────────────────────────┐
│ Emulator  │ Host:Port      │ View in Emulator UI             │
├───────────┼────────────────┼─────────────────────────────────┤
│ Functions │ localhost:5001 │ http://localhost:4000/functions │
└───────────┴────────────────┴─────────────────────────────────┘
  Emulator Hub running at localhost:4400
  Other reserved ports: 4500

Issues? Report them at https://github.com/firebase/firebase-tools/issues and attach the *-debug.log files.
 
[debug] [2021-03-02T15:09:43.465Z] [worker-~diagnostic~-1f706ed5-8282-4a3a-b8d0-04823f857f3d]: IDLE {"metadata":{"emulator":{"name":"functions"},"message":"[worker-~diagnostic~-1f706ed5-8282-4a3a-b8d0-04823f857f3d]: IDLE"}}
[debug] [2021-03-02T15:12:47.278Z] [work-queue] {"queueLength":1,"workRunningCount":0}
[debug] [2021-03-02T15:12:47.280Z] [work-queue] {"queueLength":0,"workRunningCount":1}
[debug] [2021-03-02T15:12:47.281Z] Accepted request GET /phantom-database-ee13a/us-central1/helloWorld --> helloWorld
[debug] [2021-03-02T15:12:47.300Z] [worker-pool] addWorker(helloWorld) {"metadata":{"emulator":{"name":"functions"},"message":"[worker-pool] addWorker(helloWorld)"}}
[debug] [2021-03-02T15:12:47.303Z] [worker-pool] Adding worker with key helloWorld, total=1 {"metadata":{"emulator":{"name":"functions"},"message":"[worker-pool] Adding worker with key helloWorld, total=1"}}
[debug] [2021-03-02T15:12:47.305Z] [worker-pool] submitWork(triggerId=helloWorld) {"metadata":{"emulator":{"name":"functions"},"message":"[worker-pool] submitWork(triggerId=helloWorld)"}}
[debug] [2021-03-02T15:12:47.307Z] [worker-helloWorld-71d25a66-1ae2-493b-8a98-54e32cbf1d4c]: Assigning socketPath: \\?\pipe\C:\Users\foxfl\ProCode\phantom\Phantom-Theater\functions\19444 {"metadata":{"emulator":{"name":"functions"},"message":"[worker-helloWorld-71d25a66-1ae2-493b-8a98-54e32cbf1d4c]: Assigning socketPath: \\\\?\\pipe\\C:\\Users\\foxfl\\ProCode\\phantom\\Phantom-Theater\\functions\\19444"}}
[debug] [2021-03-02T15:12:47.309Z] [worker-helloWorld-71d25a66-1ae2-493b-8a98-54e32cbf1d4c]: BUSY {"metadata":{"emulator":{"name":"functions"},"message":"[worker-helloWorld-71d25a66-1ae2-493b-8a98-54e32cbf1d4c]: BUSY"}}
[debug] [2021-03-02T15:12:47.900Z] [runtime-status] [19444] Functions runtime initialized. {"cwd":"C:\\Users\\foxfl\\ProCode\\phantom\\Phantom-Theater\\functions","node_version":"12.15.0"} {"metadata":{"emulator":{"name":"functions"},"function":{"name":"helloWorld"},"message":"[runtime-status] [19444] Functions runtime initialized. {\"cwd\":\"C:\\\\Users\\\\foxfl\\\\ProCode\\\\phantom\\\\Phantom-Theater\\\\functions\",\"node_version\":\"12.15.0\"}"}}
[debug] [2021-03-02T15:12:47.902Z] [runtime-status] [19444] Disabled runtime features: undefined {"metadata":{"emulator":{"name":"functions"},"function":{"name":"helloWorld"},"message":"[runtime-status] [19444] Disabled runtime features: undefined"}}
[debug] [2021-03-02T15:12:47.918Z] [runtime-status] [19444] Resolved module firebase-admin {"declared":true,"installed":true,"version":"9.5.0","resolution":"C:\\Users\\foxfl\\ProCode\\phantom\\Phantom-Theater\\functions\\node_modules\\firebase-admin\\lib\\index.js"} {"metadata":{"emulator":{"name":"functions"},"function":{"name":"helloWorld"},"message":"[runtime-status] [19444] Resolved module firebase-admin {\"declared\":true,\"installed\":true,\"version\":\"9.5.0\",\"resolution\":\"C:\\\\Users\\\\foxfl\\\\ProCode\\\\phantom\\\\Phantom-Theater\\\\functions\\\\node_modules\\\\firebase-admin\\\\lib\\\\index.js\"}"}}
[debug] [2021-03-02T15:12:47.924Z] [runtime-status] [19444] Resolved module firebase-functions {"declared":true,"installed":true,"version":"3.13.2","resolution":"C:\\Users\\foxfl\\ProCode\\phantom\\Phantom-Theater\\functions\\node_modules\\firebase-functions\\lib\\index.js"} {"metadata":{"emulator":{"name":"functions"},"function":{"name":"helloWorld"},"message":"[runtime-status] [19444] Resolved module firebase-functions {\"declared\":true,\"installed\":true,\"version\":\"3.13.2\",\"resolution\":\"C:\\\\Users\\\\foxfl\\\\ProCode\\\\phantom\\\\Phantom-Theater\\\\functions\\\\node_modules\\\\firebase-functions\\\\lib\\\\index.js\"}"}}
[debug] [2021-03-02T15:12:47.927Z] [runtime-status] [19444] Resolved module firebase-functions {"declared":true,"installed":true,"version":"3.13.2","resolution":"C:\\Users\\foxfl\\ProCode\\phantom\\Phantom-Theater\\functions\\node_modules\\firebase-functions\\lib\\index.js"} {"metadata":{"emulator":{"name":"functions"},"function":{"name":"helloWorld"},"message":"[runtime-status] [19444] Resolved module firebase-functions {\"declared\":true,\"installed\":true,\"version\":\"3.13.2\",\"resolution\":\"C:\\\\Users\\\\foxfl\\\\ProCode\\\\phantom\\\\Phantom-Theater\\\\functions\\\\node_modules\\\\firebase-functions\\\\lib\\\\index.js\"}"}}
[debug] [2021-03-02T15:12:47.930Z] [runtime-status] [19444] Outgoing network have been stubbed. [{"name":"http","status":"mocked"},{"name":"http","status":"mocked"},{"name":"https","status":"mocked"},{"name":"https","status":"mocked"},{"name":"net","status":"mocked"}] {"metadata":{"emulator":{"name":"functions"},"function":{"name":"helloWorld"},"message":"[runtime-status] [19444] Outgoing network have been stubbed. [{\"name\":\"http\",\"status\":\"mocked\"},{\"name\":\"http\",\"status\":\"mocked\"},{\"name\":\"https\",\"status\":\"mocked\"},{\"name\":\"https\",\"status\":\"mocked\"},{\"name\":\"net\",\"status\":\"mocked\"}]"}}
[debug] [2021-03-02T15:12:47.931Z] [runtime-status] [19444] Resolved module firebase-functions {"declared":true,"installed":true,"version":"3.13.2","resolution":"C:\\Users\\foxfl\\ProCode\\phantom\\Phantom-Theater\\functions\\node_modules\\firebase-functions\\lib\\index.js"} {"metadata":{"emulator":{"name":"functions"},"function":{"name":"helloWorld"},"message":"[runtime-status] [19444] Resolved module firebase-functions {\"declared\":true,\"installed\":true,\"version\":\"3.13.2\",\"resolution\":\"C:\\\\Users\\\\foxfl\\\\ProCode\\\\phantom\\\\Phantom-Theater\\\\functions\\\\node_modules\\\\firebase-functions\\\\lib\\\\index.js\"}"}}
[debug] [2021-03-02T15:12:48.064Z] [runtime-status] [19444] Checked functions.config() {"config":{}} {"metadata":{"emulator":{"name":"functions"},"function":{"name":"helloWorld"},"message":"[runtime-status] [19444] Checked functions.config() {\"config\":{}}"}}
[debug] [2021-03-02T15:12:48.064Z] [runtime-status] [19444] firebase-functions has been stubbed. {"functionsResolution":{"declared":true,"installed":true,"version":"3.13.2","resolution":"C:\\Users\\foxfl\\ProCode\\phantom\\Phantom-Theater\\functions\\node_modules\\firebase-functions\\lib\\index.js"}} {"metadata":{"emulator":{"name":"functions"},"function":{"name":"helloWorld"},"message":"[runtime-status] [19444] firebase-functions has been stubbed. {\"functionsResolution\":{\"declared\":true,\"installed\":true,\"version\":\"3.13.2\",\"resolution\":\"C:\\\\Users\\\\foxfl\\\\ProCode\\\\phantom\\\\Phantom-Theater\\\\functions\\\\node_modules\\\\firebase-functions\\\\lib\\\\index.js\"}}"}}
[debug] [2021-03-02T15:12:48.065Z] [runtime-status] [19444] Resolved module firebase-functions {"declared":true,"installed":true,"version":"3.13.2","resolution":"C:\\Users\\foxfl\\ProCode\\phantom\\Phantom-Theater\\functions\\node_modules\\firebase-functions\\lib\\index.js"} {"metadata":{"emulator":{"name":"functions"},"function":{"name":"helloWorld"},"message":"[runtime-status] [19444] Resolved module firebase-functions {\"declared\":true,\"installed\":true,\"version\":\"3.13.2\",\"resolution\":\"C:\\\\Users\\\\foxfl\\\\ProCode\\\\phantom\\\\Phantom-Theater\\\\functions\\\\node_modules\\\\firebase-functions\\\\lib\\\\index.js\"}"}}
[debug] [2021-03-02T15:12:48.067Z] [runtime-status] [19444] Resolved module firebase-admin {"declared":true,"installed":true,"version":"9.5.0","resolution":"C:\\Users\\foxfl\\ProCode\\phantom\\Phantom-Theater\\functions\\node_modules\\firebase-admin\\lib\\index.js"} {"metadata":{"emulator":{"name":"functions"},"function":{"name":"helloWorld"},"message":"[runtime-status] [19444] Resolved module firebase-admin {\"declared\":true,\"installed\":true,\"version\":\"9.5.0\",\"resolution\":\"C:\\\\Users\\\\foxfl\\\\ProCode\\\\phantom\\\\Phantom-Theater\\\\functions\\\\node_modules\\\\firebase-admin\\\\lib\\\\index.js\"}"}}
[debug] [2021-03-02T15:12:48.067Z] [runtime-status] [19444] Resolved module firebase-functions {"declared":true,"installed":true,"version":"3.13.2","resolution":"C:\\Users\\foxfl\\ProCode\\phantom\\Phantom-Theater\\functions\\node_modules\\firebase-functions\\lib\\index.js"} {"metadata":{"emulator":{"name":"functions"},"function":{"name":"helloWorld"},"message":"[runtime-status] [19444] Resolved module firebase-functions {\"declared\":true,\"installed\":true,\"version\":\"3.13.2\",\"resolution\":\"C:\\\\Users\\\\foxfl\\\\ProCode\\\\phantom\\\\Phantom-Theater\\\\functions\\\\node_modules\\\\firebase-functions\\\\lib\\\\index.js\"}"}}
[debug] [2021-03-02T15:12:48.068Z] [runtime-status] [19444] firebase-admin has been stubbed. {"adminResolution":{"declared":true,"installed":true,"version":"9.5.0","resolution":"C:\\Users\\foxfl\\ProCode\\phantom\\Phantom-Theater\\functions\\node_modules\\firebase-admin\\lib\\index.js"}} {"metadata":{"emulator":{"name":"functions"},"function":{"name":"helloWorld"},"message":"[runtime-status] [19444] firebase-admin has been stubbed. {\"adminResolution\":{\"declared\":true,\"installed\":true,\"version\":\"9.5.0\",\"resolution\":\"C:\\\\Users\\\\foxfl\\\\ProCode\\\\phantom\\\\Phantom-Theater\\\\functions\\\\node_modules\\\\firebase-admin\\\\lib\\\\index.js\"}}"}}
[debug] [2021-03-02T15:12:48.071Z] [runtime-status] [19444] Trigger "helloWorld" has been found, beginning invocation! {"metadata":{"emulator":{"name":"functions"},"function":{"name":"helloWorld"},"message":"[runtime-status] [19444] Trigger \"helloWorld\" has been found, beginning invocation!"}}
[info] i  functions: Beginning execution of "helloWorld" {"metadata":{"emulator":{"name":"functions"},"function":{"name":"helloWorld"},"message":"Beginning execution of \"helloWorld\""}}
[debug] [2021-03-02T15:12:48.074Z] [runtime-status] [19444] triggerDefinition {"httpsTrigger":{},"name":"helloWorld","entryPoint":"helloWorld"} {"metadata":{"emulator":{"name":"functions"},"function":{"name":"helloWorld"},"message":"[runtime-status] [19444] triggerDefinition {\"httpsTrigger\":{},\"name\":\"helloWorld\",\"entryPoint\":\"helloWorld\"}"}}
[debug] [2021-03-02T15:12:48.074Z] [runtime-status] [19444] Running helloWorld in mode HTTPS {"metadata":{"emulator":{"name":"functions"},"function":{"name":"helloWorld"},"message":"[runtime-status] [19444] Running helloWorld in mode HTTPS"}}
[debug] [2021-03-02T15:12:48.085Z] [runtime-status] [19444] Attempting to listen to socketPath: \\?\pipe\C:\Users\foxfl\ProCode\phantom\Phantom-Theater\functions\19444 {"metadata":{"emulator":{"name":"functions"},"function":{"name":"helloWorld"},"message":"[runtime-status] [19444] Attempting to listen to socketPath: \\\\?\\pipe\\C:\\Users\\foxfl\\ProCode\\phantom\\Phantom-Theater\\functions\\19444"}}
[debug] [2021-03-02T15:12:48.094Z] [functions] Runtime ready! Sending request! {"metadata":{"emulator":{"name":"functions"},"message":"[functions] Runtime ready! Sending request!"}}
[debug] [2021-03-02T15:12:48.100Z] [functions] Got req.url=/phantom-database-ee13a/us-central1/helloWorld, mapping to path=/ {"metadata":{"emulator":{"name":"functions"},"message":"[functions] Got req.url=/phantom-database-ee13a/us-central1/helloWorld, mapping to path=/"}}
[debug] [2021-03-02T15:12:48.161Z] [runtime-status] [19444] Ephemeral server handling GET request {"metadata":{"emulator":{"name":"functions"},"function":{"name":"helloWorld"},"message":"[runtime-status] [19444] Ephemeral server handling GET request"}}
[info] >  {"structuredData":true,"severity":"INFO","message":"Hello logs!"} {"user":{"structuredData":true,"severity":"INFO","message":"Hello logs!"},"metadata":{"emulator":{"name":"functions"},"function":{"name":"helloWorld"},"message":"\u001b[90m> \u001b[39m {\"structuredData\":true,\"severity\":\"INFO\",\"message\":\"Hello logs!\"}"}}
[debug] [2021-03-02T15:12:48.180Z] [runtime-status] [19444] Ephemeral server survived. {"metadata":{"emulator":{"name":"functions"},"function":{"name":"helloWorld"},"message":"[runtime-status] [19444] Ephemeral server survived."}}
[info] i  functions: Finished "helloWorld" in ~1s {"metadata":{"emulator":{"name":"functions"},"function":{"name":"helloWorld"},"message":"Finished \"helloWorld\" in ~1s"}}
[debug] [2021-03-02T15:12:48.185Z] [worker-helloWorld-71d25a66-1ae2-493b-8a98-54e32cbf1d4c]: IDLE {"metadata":{"emulator":{"name":"functions"},"message":"[worker-helloWorld-71d25a66-1ae2-493b-8a98-54e32cbf1d4c]: IDLE"}}
[debug] [2021-03-02T15:12:48.185Z] [work-queue] {"queueLength":0,"workRunningCount":0}
[debug] [2021-03-02T15:13:53.903Z] [work-queue] {"queueLength":1,"workRunningCount":0}
[debug] [2021-03-02T15:13:53.903Z] [work-queue] {"queueLength":0,"workRunningCount":1}
[debug] [2021-03-02T15:13:53.903Z] Accepted request POST /phantom-database-ee13a/us-central1/helloWorld --> helloWorld
[debug] [2021-03-02T15:13:53.903Z] [worker-pool] submitWork(triggerId=helloWorld) {"metadata":{"emulator":{"name":"functions"},"message":"[worker-pool] submitWork(triggerId=helloWorld)"}}
[debug] [2021-03-02T15:13:53.903Z] [worker-helloWorld-71d25a66-1ae2-493b-8a98-54e32cbf1d4c]: Assigning socketPath: \\?\pipe\C:\Users\foxfl\ProCode\phantom\Phantom-Theater\functions\19444 {"metadata":{"emulator":{"name":"functions"},"message":"[worker-helloWorld-71d25a66-1ae2-493b-8a98-54e32cbf1d4c]: Assigning socketPath: \\\\?\\pipe\\C:\\Users\\foxfl\\ProCode\\phantom\\Phantom-Theater\\functions\\19444"}}
[debug] [2021-03-02T15:13:53.904Z] [worker-helloWorld-71d25a66-1ae2-493b-8a98-54e32cbf1d4c]: BUSY {"metadata":{"emulator":{"name":"functions"},"message":"[worker-helloWorld-71d25a66-1ae2-493b-8a98-54e32cbf1d4c]: BUSY"}}
[debug] [2021-03-02T15:13:53.905Z] [runtime-status] [19444] Trigger "helloWorld" has been found, beginning invocation! {"metadata":{"emulator":{"name":"functions"},"function":{"name":"helloWorld"},"message":"[runtime-status] [19444] Trigger \"helloWorld\" has been found, beginning invocation!"}}
[info] i  functions: Beginning execution of "helloWorld" {"metadata":{"emulator":{"name":"functions"},"function":{"name":"helloWorld"},"message":"Beginning execution of \"helloWorld\""}}
[debug] [2021-03-02T15:13:53.910Z] [runtime-status] [19444] triggerDefinition {"httpsTrigger":{},"name":"helloWorld","entryPoint":"helloWorld"} {"metadata":{"emulator":{"name":"functions"},"function":{"name":"helloWorld"},"message":"[runtime-status] [19444] triggerDefinition {\"httpsTrigger\":{},\"name\":\"helloWorld\",\"entryPoint\":\"helloWorld\"}"}}
[debug] [2021-03-02T15:13:53.911Z] [runtime-status] [19444] Running helloWorld in mode HTTPS {"metadata":{"emulator":{"name":"functions"},"function":{"name":"helloWorld"},"message":"[runtime-status] [19444] Running helloWorld in mode HTTPS"}}
[debug] [2021-03-02T15:13:53.911Z] [runtime-status] [19444] Attempting to listen to socketPath: \\?\pipe\C:\Users\foxfl\ProCode\phantom\Phantom-Theater\functions\19444 {"metadata":{"emulator":{"name":"functions"},"function":{"name":"helloWorld"},"message":"[runtime-status] [19444] Attempting to listen to socketPath: \\\\?\\pipe\\C:\\Users\\foxfl\\ProCode\\phantom\\Phantom-Theater\\functions\\19444"}}
[debug] [2021-03-02T15:13:53.914Z] [functions] Runtime ready! Sending request! {"metadata":{"emulator":{"name":"functions"},"message":"[functions] Runtime ready! Sending request!"}}
[debug] [2021-03-02T15:13:53.915Z] [functions] Got req.url=/phantom-database-ee13a/us-central1/helloWorld, mapping to path=/ {"metadata":{"emulator":{"name":"functions"},"message":"[functions] Got req.url=/phantom-database-ee13a/us-central1/helloWorld, mapping to path=/"}}
[debug] [2021-03-02T15:13:53.920Z] [runtime-status] [19444] Ephemeral server handling POST request {"metadata":{"emulator":{"name":"functions"},"function":{"name":"helloWorld"},"message":"[runtime-status] [19444] Ephemeral server handling POST request"}}
[info] >  {"structuredData":true,"severity":"INFO","message":"Hello logs!"} {"user":{"structuredData":true,"severity":"INFO","message":"Hello logs!"},"metadata":{"emulator":{"name":"functions"},"function":{"name":"helloWorld"},"message":"\u001b[90m> \u001b[39m {\"structuredData\":true,\"severity\":\"INFO\",\"message\":\"Hello logs!\"}"}}
[debug] [2021-03-02T15:13:53.923Z] [runtime-status] [19444] Ephemeral server survived. {"metadata":{"emulator":{"name":"functions"},"function":{"name":"helloWorld"},"message":"[runtime-status] [19444] Ephemeral server survived."}}
[info] i  functions: Finished "helloWorld" in ~1s {"metadata":{"emulator":{"name":"functions"},"function":{"name":"helloWorld"},"message":"Finished \"helloWorld\" in ~1s"}}
[debug] [2021-03-02T15:13:53.929Z] [worker-helloWorld-71d25a66-1ae2-493b-8a98-54e32cbf1d4c]: IDLE {"metadata":{"emulator":{"name":"functions"},"message":"[worker-helloWorld-71d25a66-1ae2-493b-8a98-54e32cbf1d4c]: IDLE"}}
[debug] [2021-03-02T15:13:53.931Z] [work-queue] {"queueLength":0,"workRunningCount":0}
